<?xml version="1.0" encoding="utf-8"?><testsuite errors="0" failures="0" name="pytest" skipped="1" tests="5" time="0.145"><testcase classname="test.test_functions" file="test/test_functions.py" line="7" name="test_most_common_word" time="0.001"></testcase><testcase classname="test.test_functions" file="test/test_functions.py" line="11" name="test_most_common_word_empty_candidate" time="0.001"></testcase><testcase classname="test.test_functions" file="test/test_functions.py" line="16" name="test_most_common_ambiguous" time="0.001"></testcase><testcase classname="test.test_functions" file="test/test_functions.py" line="20" name="test_with_mock_most_common_word_in_webpage" time="0.003"></testcase><testcase classname="test.test_functions" file="test/test_functions.py" line="33" name="test_with_patch_most_common_word_in_webpage" time="0.000"><skipped message="patch doesn&apos;t seem to work" type="pytest.skip">test/test_functions.py:33: patch doesn&apos;t seem to work</skipped></testcase></testsuite>